2018-12-11T18:19:04.717248+00:00 app[web.1]: 2018/12/11 18:19:04 [error] (generic) error syncing: abi: unmarshalling empty output
2018-12-11T18:36:40.763586+00:00 app[web.1]: 2018/12/11 18:36:40 [error] (generic) error syncing: abi: unmarshalling empty output
2018-12-11T18:40:45.466432+00:00 app[web.1]: 2018/12/11 18:40:45 [error] (generic) error syncing: abi: unmarshalling empty output
2018-12-11T18:45:01.066481+00:00 app[web.1]: 2018/12/11 18:45:01 [error] (generic) error syncing: abi: unmarshalling empty output
2018-12-11T19:19:32.986280+00:00 app[web.1]: 2018/12/11 19:19:32 [error] (generic) error syncing: abi: unmarshalling empty output
2018-12-11T19:21:00.954720+00:00 app[web.1]: 2018/12/11 19:21:00 [error] (generic) error syncing: abi: unmarshalling empty output
2018-12-11T19:21:48.912663+00:00 app[web.1]: 2018/12/11 19:21:48 [error] (generic) error syncing: abi: unmarshalling empty output
2018-12-11T19:24:11.348654+00:00 app[web.1]: 2018/12/11 19:24:11 address /ip4/54.198.121.195/tcp/28815/republic/8MHmeE7VVd8iarfc7dufYZjqYnTgL6
2018-12-11T19:24:11.348676+00:00 app[web.1]: 2018/12/11 19:24:11 ethereum 0x7b7d9BE768Daa9d72E090711c78B467dE57e9A0F
2018-12-11T19:24:11.348678+00:00 app[web.1]: 2018/12/11 19:24:11 listening at 0.0.0.0:28815...
2018-12-11T19:24:11.349441+00:00 app[web.1]: 2018/12/11 19:24:11 [info] connected to 8 peers
2018-12-11T19:31:10.075041+00:00 app[web.1]: 2018/12/11 19:31:10 [error] (generic) error syncing: abi: unmarshalling empty output
2018-12-11T19:32:02.018721+00:00 app[web.1]: 2018/12/11 19:32:02 [error] (generic) error syncing: abi: unmarshalling empty output
2018-12-11T19:32:49.808105+00:00 app[web.1]: 2018/12/11 19:32:49 [error] (generic) error syncing: abi: unmarshalling empty output
2018-12-11T19:51:15.341894+00:00 app[web.1]: 2018/12/11 19:51:15 received status code 525 from ethGasStation
2018-12-11T20:07:37.903718+00:00 app[web.1]: 2018/12/11 20:07:37 [error] (generic) error syncing: abi: unmarshalling empty output
2018-12-11T20:08:54.314328+00:00 app[web.1]: 2018/12/11 20:08:54 [error] (generic) error syncing: abi: unmarshalling empty output
2018-12-11T20:12:17.718550+00:00 app[web.1]: 2018/12/11 20:12:17 received status code 525 from ethGasStation
2018-12-11T20:15:42.111904+00:00 app[web.1]: 2018/12/11 20:15:42 [error] (generic) error syncing: abi: unmarshalling empty output
2018-12-11T20:24:18.855776+00:00 app[web.1]: 2018/12/11 20:24:18 received status code 500 from ethGasStation
2018-12-11T20:30:55.110259+00:00 app[web.1]: 2018/12/11 20:30:55 [error] (generic) error syncing: abi: unmarshalling empty output
2018-12-11T20:31:09.793488+00:00 app[web.1]: 2018/12/11 20:31:09 [error] (generic) error syncing: abi: unmarshalling empty output
2018-12-11T21:00:23.009889+00:00 app[web.1]: 2018/12/11 21:00:23 received status code 500 from ethGasStation
2018-12-11T21:04:57.975632+00:00 app[web.1]: 2018/12/11 21:04:57 [error] (generic) error syncing: abi: unmarshalling empty output
2018-12-11T21:10:02.980982+00:00 app[web.1]: 2018/12/11 21:10:02 [error] (generic) error syncing: 504 Gateway Timeout <html>
2018-12-11T21:10:02.981243+00:00 app[web.1]: <head><title>504 Gateway Time-out</title></head>
2018-12-11T21:10:02.981246+00:00 app[web.1]: <body bgcolor="white">
2018-12-11T21:10:02.981247+00:00 app[web.1]: <center><h1>504 Gateway Time-out</h1></center>
2018-12-11T21:10:02.981249+00:00 app[web.1]: </body>
2018-12-11T21:10:02.981250+00:00 app[web.1]: </html>
2018-12-11T21:10:02.981251+00:00 app[web.1]: 
2018-12-11T21:10:13.042591+00:00 app[web.1]: 2018/12/11 21:10:13 [error] (generic) error syncing: 504 Gateway Timeout <html>
2018-12-11T21:10:13.042607+00:00 app[web.1]: <head><title>504 Gateway Time-out</title></head>
2018-12-11T21:10:13.042609+00:00 app[web.1]: <body bgcolor="white">
2018-12-11T21:10:13.042610+00:00 app[web.1]: <center><h1>504 Gateway Time-out</h1></center>
2018-12-11T21:10:13.042612+00:00 app[web.1]: </body>
2018-12-11T21:10:13.042613+00:00 app[web.1]: </html>
2018-12-11T21:10:13.042614+00:00 app[web.1]: 
2018-12-11T21:11:23.819186+00:00 app[web.1]: 2018/12/11 21:11:23 [error] (generic) error syncing: 504 Gateway Timeout <html>
2018-12-11T21:11:23.819215+00:00 app[web.1]: <head><title>504 Gateway Time-out</title></head>
2018-12-11T21:11:23.819217+00:00 app[web.1]: <body bgcolor="white">
2018-12-11T21:11:23.819219+00:00 app[web.1]: <center><h1>504 Gateway Time-out</h1></center>
2018-12-11T21:11:23.819221+00:00 app[web.1]: </body>
2018-12-11T21:11:23.819222+00:00 app[web.1]: </html>
2018-12-11T21:11:23.819223+00:00 app[web.1]: 
2018-12-11T21:11:38.723846+00:00 app[web.1]: 2018/12/11 21:11:38 [error] (generic) error syncing: 504 Gateway Timeout <html>
2018-12-11T21:11:38.723884+00:00 app[web.1]: <head><title>504 Gateway Time-out</title></head>
2018-12-11T21:11:38.723887+00:00 app[web.1]: <body bgcolor="white">
2018-12-11T21:11:38.723888+00:00 app[web.1]: <center><h1>504 Gateway Time-out</h1></center>
2018-12-11T21:11:38.723890+00:00 app[web.1]: </body>
2018-12-11T21:11:38.723891+00:00 app[web.1]: </html>
2018-12-11T21:11:38.723892+00:00 app[web.1]: 
2018-12-11T21:12:42.598673+00:00 app[web.1]: 2018/12/11 21:12:42 [error] (generic) error syncing: 504 Gateway Timeout <html>
2018-12-11T21:12:42.598691+00:00 app[web.1]: <head><title>504 Gateway Time-out</title></head>
2018-12-11T21:12:42.598694+00:00 app[web.1]: <body bgcolor="white">
2018-12-11T21:12:42.598696+00:00 app[web.1]: <center><h1>504 Gateway Time-out</h1></center>
2018-12-11T21:12:42.598698+00:00 app[web.1]: </body>
2018-12-11T21:12:42.598699+00:00 app[web.1]: </html>
2018-12-11T21:12:42.598701+00:00 app[web.1]: 
2018-12-11T21:13:35.236910+00:00 app[web.1]: 2018/12/11 21:13:35 [error] (generic) error syncing: 504 Gateway Timeout <html>
2018-12-11T21:13:35.236928+00:00 app[web.1]: <head><title>504 Gateway Time-out</title></head>
2018-12-11T21:13:35.236930+00:00 app[web.1]: <body bgcolor="white">
2018-12-11T21:13:35.236932+00:00 app[web.1]: <center><h1>504 Gateway Time-out</h1></center>
2018-12-11T21:13:35.236933+00:00 app[web.1]: </body>
2018-12-11T21:13:35.236934+00:00 app[web.1]: </html>
2018-12-11T21:13:35.236936+00:00 app[web.1]: 
2018-12-11T21:13:45.340417+00:00 app[web.1]: 2018/12/11 21:13:45 [error] (generic) error syncing: 504 Gateway Timeout <html>
2018-12-11T21:13:45.340429+00:00 app[web.1]: <head><title>504 Gateway Time-out</title></head>
2018-12-11T21:13:45.340431+00:00 app[web.1]: <body bgcolor="white">
2018-12-11T21:13:45.340432+00:00 app[web.1]: <center><h1>504 Gateway Time-out</h1></center>
2018-12-11T21:13:45.340433+00:00 app[web.1]: </body>
2018-12-11T21:13:45.340435+00:00 app[web.1]: </html>
2018-12-11T21:13:45.340436+00:00 app[web.1]: 
2018-12-11T21:14:14.585234+00:00 app[web.1]: 2018/12/11 21:14:14 [error] (generic) error syncing: 504 Gateway Timeout <html>
2018-12-11T21:14:14.585243+00:00 app[web.1]: <head><title>504 Gateway Time-out</title></head>
2018-12-11T21:14:14.585245+00:00 app[web.1]: <body bgcolor="white">
2018-12-11T21:14:14.585247+00:00 app[web.1]: <center><h1>504 Gateway Time-out</h1></center>
2018-12-11T21:14:14.585249+00:00 app[web.1]: </body>
2018-12-11T21:14:14.585250+00:00 app[web.1]: </html>
2018-12-11T21:14:14.585252+00:00 app[web.1]: 
2018-12-11T21:16:12.976721+00:00 app[web.1]: 2018/12/11 21:16:12 [error] (generic) error syncing: 502 Bad Gateway <html>
2018-12-11T21:16:12.976736+00:00 app[web.1]: <head><title>502 Bad Gateway</title></head>
2018-12-11T21:16:12.976738+00:00 app[web.1]: <body bgcolor="white">
2018-12-11T21:16:12.976740+00:00 app[web.1]: <center><h1>502 Bad Gateway</h1></center>
2018-12-11T21:16:12.976742+00:00 app[web.1]: </body>
2018-12-11T21:16:12.976743+00:00 app[web.1]: </html>
2018-12-11T21:16:12.976744+00:00 app[web.1]: 
2018-12-11T21:17:21.866832+00:00 app[web.1]: 2018/12/11 21:17:21 [error] (generic) error syncing: abi: unmarshalling empty output
2018-12-11T21:17:49.932593+00:00 app[web.1]: 2018/12/11 21:17:49 [error] (generic) error syncing: abi: unmarshalling empty output
2018-12-11T21:23:57.853947+00:00 app[web.1]: 2018/12/11 21:23:57 [error] (generic) error syncing: abi: unmarshalling empty output
2018-12-11T21:26:02.325488+00:00 app[web.1]: 2018/12/11 21:26:02 [error] (generic) error syncing: abi: unmarshalling empty output
2018-12-11T21:32:49.840826+00:00 app[web.1]: 2018/12/11 21:32:49 [error] (generic) error syncing: abi: unmarshalling empty output
2018-12-11T21:37:42.635030+00:00 app[web.1]: 2018/12/11 21:37:42 [error] (generic) error syncing: abi: unmarshalling empty output
2018-12-11T21:45:58.265942+00:00 app[web.1]: 2018/12/11 21:45:58 [error] (generic) error syncing: abi: unmarshalling empty output
2018-12-11T22:03:58.020195+00:00 app[web.1]: 2018/12/11 22:03:58 [error] (generic) error syncing: abi: unmarshalling empty output
2018-12-11T22:16:20.437464+00:00 app[web.1]: 2018/12/11 22:16:20 received status code 500 from ethGasStation
2018-12-11T22:25:22.940638+00:00 app[web.1]: 2018/12/11 22:25:22 received status code 500 from ethGasStation
2018-12-11T23:10:37.989585+00:00 app[web.1]: 2018/12/11 23:10:37 [error] (generic) error syncing: abi: unmarshalling empty output
2018-12-11T23:16:28.204541+00:00 app[web.1]: 2018/12/11 23:16:28 received status code 500 from ethGasStation
2018-12-11T23:19:28.362719+00:00 app[web.1]: 2018/12/11 23:19:28 received status code 525 from ethGasStation
2018-12-11T23:24:45.788479+00:00 app[web.1]: 2018/12/11 23:24:45 [error] (generic) error syncing: abi: unmarshalling empty output
2018-12-11T23:26:10.429795+00:00 app[web.1]: 2018/12/11 23:26:10 [error] (generic) error syncing: abi: unmarshalling empty output
2018-12-11T23:32:54.793461+00:00 app[web.1]: 2018/12/11 23:32:54 [error] (generic) error syncing: abi: unmarshalling empty output
2018-12-11T23:40:30.948718+00:00 app[web.1]: 2018/12/11 23:40:30 received status code 525 from ethGasStation
2018-12-11T23:57:58.053365+00:00 app[web.1]: 2018/12/11 23:57:58 [error] (generic) error syncing: abi: unmarshalling empty output
2018-12-12T00:54:38.046453+00:00 app[web.1]: 2018/12/12 00:54:38 [error] (generic) error syncing: abi: unmarshalling empty output
2018-12-12T00:59:09.858535+00:00 app[web.1]: 2018/12/12 00:59:09 [error] (generic) error syncing: abi: unmarshalling empty output
2018-12-12T01:59:39.138594+00:00 app[web.1]: 2018/12/12 01:59:39 [error] (generic) error syncing: abi: unmarshalling empty output
2018-12-12T02:13:47.262646+00:00 app[web.1]: 2018/12/12 02:13:47 received status code 525 from ethGasStation
2018-12-12T02:31:21.978054+00:00 app[web.1]: 2018/12/12 02:31:21 [error] (generic) error syncing: abi: unmarshalling empty output
2018-12-12T02:31:38.123491+00:00 app[web.1]: 2018/12/12 02:31:38 [error] (generic) error syncing: abi: unmarshalling empty output
2018-12-12T02:40:50.399582+00:00 app[web.1]: 2018/12/12 02:40:50 received status code 500 from ethGasStation
2018-12-12T02:43:50.202150+00:00 app[web.1]: 2018/12/12 02:43:50 [error] (generic) error syncing: abi: unmarshalling empty output
2018-12-12T02:48:17.815292+00:00 app[web.1]: 2018/12/12 02:48:17 [error] (generic) error syncing: abi: unmarshalling empty output
2018-12-12T02:55:10.213218+00:00 app[web.1]: 2018/12/12 02:55:10 [error] (generic) error syncing: abi: unmarshalling empty output
2018-12-12T02:55:46.134838+00:00 app[web.1]: 2018/12/12 02:55:46 [error] (generic) error syncing: abi: unmarshalling empty output
2018-12-12T03:52:09.987940+00:00 app[web.1]: 2018/12/12 03:52:09 [error] (generic) error syncing: abi: unmarshalling empty output
2018-12-12T04:17:45.834880+00:00 app[web.1]: 2018/12/12 04:17:45 [error] (generic) error syncing: abi: unmarshalling empty output
2018-12-12T04:29:54.602559+00:00 app[web.1]: 2018/12/12 04:29:54 [error] (generic) error syncing: abi: unmarshalling empty output
2018-12-12T04:40:58.160765+00:00 app[web.1]: 2018/12/12 04:40:58 [error] (generic) error syncing: abi: unmarshalling empty output
2018-12-12T04:42:53.870270+00:00 app[web.1]: 2018/12/12 04:42:53 [error] (generic) error syncing: abi: unmarshalling empty output
2018-12-12T04:59:53.964036+00:00 app[web.1]: 2018/12/12 04:59:53 [error] (generic) error syncing: abi: unmarshalling empty output
2018-12-12T05:19:25.756627+00:00 app[web.1]: 2018/12/12 05:19:25 [error] (generic) error syncing: abi: unmarshalling empty output
2018-12-12T05:41:54.113668+00:00 app[web.1]: 2018/12/12 05:41:54 [error] (generic) error syncing: abi: unmarshalling empty output
2018-12-12T05:57:26.345487+00:00 app[web.1]: 2018/12/12 05:57:26 [error] (generic) error syncing: abi: unmarshalling empty output
2018-12-12T06:02:15.964340+00:00 app[web.1]: 2018/12/12 06:02:15 [error] (generic) error syncing: abi: unmarshalling empty output
2018-12-12T06:07:57.990807+00:00 app[web.1]: 2018/12/12 06:07:57 [error] (generic) error syncing: abi: unmarshalling empty output
2018-12-12T06:52:52.615532+00:00 app[web.1]: 2018/12/12 06:52:52 [info] (open) signing order = 142f
2018-12-12T06:52:52.615546+00:00 app[web.1]: Trader: 5e2603499eddc325153d96445a6c44487f0d1859
2018-12-12T06:52:52.615548+00:00 app[web.1]: Order ID: d78d9f3234b1428895fe24323956c02560b413dc5ce1e71289cf5a3f01ea930c
2018-12-12T06:52:52.615555+00:00 app[web.1]: Signature data: 19457468657265756d205369676e6564204d6573736167653a0a373752657075626c69632050726f746f636f6c3a206f70656e3a205e2603499eddc325153d96445a6c44487f0d1859d78d9f3234b1428895fe24323956c02560b413dc5ce1e71289cf5a3f01ea930c
2018-12-12T06:52:52.615557+00:00 app[web.1]: Hashed signature data: 9e1878fabf5c986f145899504a030ea7e2f01042cc4dde24aefb6b9adb82912e
2018-12-12T06:52:52.615757+00:00 app[web.1]: Signature: db3a3a49303b445f2db9421949ad212061f5e598bd6e9406632a1a1579035dbd1314a17c4f87867ae8ba07770d8815d3acb2bf79513e8cd53506eb4eae3a760900
2018-12-12T06:52:52.615952+00:00 app[web.1]: 2018/12/12 06:52:52 [info] (open) queueing order fragments order = 142f at depth = 0
2018-12-12T06:52:52.616036+00:00 app[web.1]: 2018/12/12 06:52:52 [info] (network) sending sell order = 142f to pod = K4he+xXzWJ8=
2018-12-12T06:52:52.616519+00:00 app[web.1]: 2018/12/12 06:52:52 [info] (network) sending sell order = 142f to pod = jbCiTkakmhQ=
2018-12-12T06:52:52.617137+00:00 app[web.1]: 2018/12/12 06:52:52 [info] (network) sending sell order = 142f to pod = +io5ox2WK8U=
2018-12-12T06:52:52.617645+00:00 app[web.1]: 2018/12/12 06:52:52 [info] (network) sending sell order = 142f to pod = BY5RbXC6gGE=
2018-12-12T06:53:34.199710+00:00 app[web.1]: 2018/12/12 06:53:34 [info] (open) signing order = g6z0
2018-12-12T06:53:34.199722+00:00 app[web.1]: Trader: 5e2603499eddc325153d96445a6c44487f0d1859
2018-12-12T06:53:34.199725+00:00 app[web.1]: Order ID: 83acf4171a4b9c899a6426f51aa6e25d5f84506feb1d70465d0f2f20c5388d05
2018-12-12T06:53:34.199730+00:00 app[web.1]: Signature data: 19457468657265756d205369676e6564204d6573736167653a0a373752657075626c69632050726f746f636f6c3a206f70656e3a205e2603499eddc325153d96445a6c44487f0d185983acf4171a4b9c899a6426f51aa6e25d5f84506feb1d70465d0f2f20c5388d05
2018-12-12T06:53:34.199732+00:00 app[web.1]: Hashed signature data: 06810880f08dbcd0506d22b039c80691c110dfc870a8391eec49eb5e73af0553
2018-12-12T06:53:34.199938+00:00 app[web.1]: Signature: 46a0739adb3cd7efe9da6cd2a9e010dbf3a60ea09ba819afc6c3b7418e77097c2f3a8155f21a360f00ae8bbb5de481b7ed4735dbd0bae3f1ada463d90db7815400
2018-12-12T06:53:34.200118+00:00 app[web.1]: 2018/12/12 06:53:34 [info] (open) queueing order fragments order = g6z0 at depth = 0
2018-12-12T06:53:34.200210+00:00 app[web.1]: 2018/12/12 06:53:34 [info] (network) sending sell order = g6z0 to pod = K4he+xXzWJ8=
2018-12-12T06:53:34.204106+00:00 app[web.1]: 2018/12/12 06:53:34 [info] (network) sending sell order = g6z0 to pod = jbCiTkakmhQ=
2018-12-12T06:53:34.204108+00:00 app[web.1]: 2018/12/12 06:53:34 [info] (network) sending sell order = g6z0 to pod = +io5ox2WK8U=
2018-12-12T06:53:34.204109+00:00 app[web.1]: 2018/12/12 06:53:34 [info] (network) sending sell order = g6z0 to pod = BY5RbXC6gGE=
2018-12-12T06:55:28.975716+00:00 app[web.1]: 2018/12/12 06:55:28 [info] (open) signing order = igBI
2018-12-12T06:55:28.975731+00:00 app[web.1]: Trader: 5e2603499eddc325153d96445a6c44487f0d1859
2018-12-12T06:55:28.975733+00:00 app[web.1]: Order ID: 8a00480299ef995f76e282ede635c0f8ca488cdd79f52fcd6c7831aaa0a967d1
2018-12-12T06:55:28.975734+00:00 app[web.1]: Signature data: 19457468657265756d205369676e6564204d6573736167653a0a373752657075626c69632050726f746f636f6c3a206f70656e3a205e2603499eddc325153d96445a6c44487f0d18598a00480299ef995f76e282ede635c0f8ca488cdd79f52fcd6c7831aaa0a967d1
2018-12-12T06:55:28.975736+00:00 app[web.1]: Hashed signature data: 12e97023f395c6510857c09985dcdcaaffec2c92665db90e539aec4277c6374c
2018-12-12T06:55:28.977400+00:00 app[web.1]: Signature: cdaf543d5eaf90197880345637d8e1bffe03485a6574c114c173d73bf6da6bb80e075032ad2f341b551ab71253d635ad9b151b8de3ebd9ac854203b81611fa7d01
2018-12-12T06:55:28.977408+00:00 app[web.1]: 2018/12/12 06:55:28 [info] (open) queueing order fragments order = igBI at depth = 0
2018-12-12T06:55:28.977410+00:00 app[web.1]: 2018/12/12 06:55:28 [info] (network) sending sell order = igBI to pod = K4he+xXzWJ8=
2018-12-12T06:55:28.977412+00:00 app[web.1]: 2018/12/12 06:55:28 [info] (network) sending sell order = igBI to pod = jbCiTkakmhQ=
2018-12-12T06:55:28.977413+00:00 app[web.1]: 2018/12/12 06:55:28 [info] (network) sending sell order = igBI to pod = +io5ox2WK8U=
2018-12-12T06:55:28.977635+00:00 app[web.1]: 2018/12/12 06:55:28 [info] (network) sending sell order = igBI to pod = BY5RbXC6gGE=
2018-12-12T07:00:06.771770+00:00 app[web.1]: 2018/12/12 07:00:06 cannot send order fragment to 8MKNWH2oyvC5DxvXdUzUufoVQ4JufR: backoff timeout = context deadline exceeded: rpc error: code = Unknown desc = crypto/rsa: decryption error
2018-12-12T07:11:26.290740+00:00 app[web.1]: 2018/12/12 07:11:26 [error] (generic) error syncing: abi: unmarshalling empty output
2018-12-12T07:12:49.783908+00:00 app[web.1]: 2018/12/12 07:12:49 [error] (generic) error syncing: abi: unmarshalling empty output
2018-12-12T07:22:17.906616+00:00 app[web.1]: 2018/12/12 07:22:17 [error] (generic) error syncing: abi: unmarshalling empty output
2018-12-12T07:24:01.934223+00:00 app[web.1]: 2018/12/12 07:24:01 [error] (generic) error syncing: abi: unmarshalling empty output
2018-12-12T07:24:17.735921+00:00 app[web.1]: 2018/12/12 07:24:17 [error] (generic) error syncing: abi: unmarshalling empty output
2018-12-12T07:32:26.260283+00:00 app[web.1]: 2018/12/12 07:32:26 [info] (open) signing order = KRG1
2018-12-12T07:32:26.260298+00:00 app[web.1]: Trader: 78892566d4e296b25cf8795b78edb2943ea0d027
2018-12-12T07:32:26.260300+00:00 app[web.1]: Order ID: 2911b5808703d05cf28c7cc786fad3017e29b68833b7ef508d0b1f4507deaf6c
2018-12-12T07:32:26.260308+00:00 app[web.1]: Signature data: 19457468657265756d205369676e6564204d6573736167653a0a373752657075626c69632050726f746f636f6c3a206f70656e3a2078892566d4e296b25cf8795b78edb2943ea0d0272911b5808703d05cf28c7cc786fad3017e29b68833b7ef508d0b1f4507deaf6c
2018-12-12T07:32:26.260311+00:00 app[web.1]: Hashed signature data: b5ce3e5475de9ac8c560544d0755c3aad29fd0ff03b3cce3ed78141cd1b2b158
2018-12-12T07:32:26.260523+00:00 app[web.1]: Signature: fa67a30309b615413e2c1157bad4e910c82ae614ba41f505a184b4f4d1914a8c74b44bd1d7601dc7ba7e5555c7eecae9e09064b73add502e3b4ae43adbf8710e01
2018-12-12T07:32:26.260591+00:00 app[web.1]: 2018/12/12 07:32:26 [info] (open) queueing order fragments order = KRG1 at depth = 0
2018-12-12T07:32:26.260681+00:00 app[web.1]: 2018/12/12 07:32:26 [info] (network) sending buy order = KRG1 to pod = K4he+xXzWJ8=
2018-12-12T07:32:26.260751+00:00 app[web.1]: 2018/12/12 07:32:26 [info] (network) sending buy order = KRG1 to pod = jbCiTkakmhQ=
2018-12-12T07:32:26.261294+00:00 app[web.1]: 2018/12/12 07:32:26 [info] (network) sending buy order = KRG1 to pod = BY5RbXC6gGE=
2018-12-12T07:32:26.261737+00:00 app[web.1]: 2018/12/12 07:32:26 [info] (network) sending buy order = KRG1 to pod = +io5ox2WK8U=
2018-12-12T07:34:23.221377+00:00 app[web.1]: 2018/12/12 07:34:23 [error] (generic) error syncing: abi: unmarshalling empty output
2018-12-12T07:37:26.261073+00:00 app[web.1]: 2018/12/12 07:37:26 cannot send order fragment to 8MGRXoMttxBummqyEUkcb8sBMT9PCu: backoff timeout = context deadline exceeded: rpc error: code = Unknown desc = crypto/rsa: decryption error
2018-12-12T07:50:35.638258+00:00 app[web.1]: 2018/12/12 07:50:35 received status code 525 from ethGasStation
2018-12-12T07:56:36.013517+00:00 app[web.1]: 2018/12/12 07:56:36 received status code 500 from ethGasStation
2018-12-12T08:15:42.740600+00:00 app[web.1]: 2018/12/12 08:15:42 [info] (open) signing order = DBKS
2018-12-12T08:15:42.740619+00:00 app[web.1]: Trader: 78892566d4e296b25cf8795b78edb2943ea0d027
2018-12-12T08:15:42.740622+00:00 app[web.1]: Order ID: 0c1292c6512c3e294e285b61c9f2c3b552818a450a1ea7c7c3563daae67e0cc0
2018-12-12T08:15:42.740631+00:00 app[web.1]: Signature data: 19457468657265756d205369676e6564204d6573736167653a0a373752657075626c69632050726f746f636f6c3a206f70656e3a2078892566d4e296b25cf8795b78edb2943ea0d0270c1292c6512c3e294e285b61c9f2c3b552818a450a1ea7c7c3563daae67e0cc0
2018-12-12T08:15:42.740636+00:00 app[web.1]: Hashed signature data: 22dc722795f417de8f4e74b2816b416d9e4940d2445e568bc55e5aa9baa11971
2018-12-12T08:15:42.740864+00:00 app[web.1]: Signature: bbab14d985ef3103adb102fe5b6c06854d2efdc024540af0f7fe99fcb926e0cc28d6b56867d7c388ed1c2312681a11a3c39735632bbc8d6f9c1aadfceb52a82600
2018-12-12T08:15:42.741041+00:00 app[web.1]: 2018/12/12 08:15:42 [info] (open) queueing order fragments order = DBKS at depth = 0
2018-12-12T08:15:42.741099+00:00 app[web.1]: 2018/12/12 08:15:42 [info] (network) sending buy order = DBKS to pod = K4he+xXzWJ8=
2018-12-12T08:15:42.741150+00:00 app[web.1]: 2018/12/12 08:15:42 [info] (network) sending buy order = DBKS to pod = jbCiTkakmhQ=
2018-12-12T08:15:42.741620+00:00 app[web.1]: 2018/12/12 08:15:42 [info] (network) sending buy order = DBKS to pod = BY5RbXC6gGE=
2018-12-12T08:15:42.742028+00:00 app[web.1]: 2018/12/12 08:15:42 [info] (network) sending buy order = DBKS to pod = +io5ox2WK8U=
2018-12-12T08:18:03.699503+00:00 app[web.1]: 2018/12/12 08:18:03 [info] (open) signing order = TrIE
2018-12-12T08:18:03.699517+00:00 app[web.1]: Trader: 78892566d4e296b25cf8795b78edb2943ea0d027
2018-12-12T08:18:03.699519+00:00 app[web.1]: Order ID: 4eb2042282cf8b5b8dd4fd18652547a1945c73bc6d4e3b7d7e4afdbbbc280f1d
2018-12-12T08:18:03.699542+00:00 app[web.1]: Signature data: 19457468657265756d205369676e6564204d6573736167653a0a373752657075626c69632050726f746f636f6c3a206f70656e3a2078892566d4e296b25cf8795b78edb2943ea0d0274eb2042282cf8b5b8dd4fd18652547a1945c73bc6d4e3b7d7e4afdbbbc280f1d
2018-12-12T08:18:03.699544+00:00 app[web.1]: Hashed signature data: eed7ef33ccf1d204319b896857063ff6440cd8ce6438b51c50b936899d170fcb
2018-12-12T08:18:03.699716+00:00 app[web.1]: Signature: 3d7ca902e5034b9dc1fef8b96b0ce197e3d385f4a58aec2677ed106d846378cf07789a6b28593334fd0c02615d45079e6e29af648ed2d3705bce2e4641b4323101
2018-12-12T08:18:03.699935+00:00 app[web.1]: 2018/12/12 08:18:03 [info] (open) queueing order fragments order = TrIE at depth = 0
2018-12-12T08:18:03.700011+00:00 app[web.1]: 2018/12/12 08:18:03 [info] (network) sending buy order = TrIE to pod = K4he+xXzWJ8=
2018-12-12T08:18:03.700053+00:00 app[web.1]: 2018/12/12 08:18:03 [info] (network) sending buy order = TrIE to pod = jbCiTkakmhQ=
2018-12-12T08:18:03.700585+00:00 app[web.1]: 2018/12/12 08:18:03 [info] (network) sending buy order = TrIE to pod = BY5RbXC6gGE=
2018-12-12T08:18:03.700944+00:00 app[web.1]: 2018/12/12 08:18:03 [info] (network) sending buy order = TrIE to pod = +io5ox2WK8U=
2018-12-12T08:20:38.079827+00:00 app[web.1]: 2018/12/12 08:20:38 received status code 500 from ethGasStation
2018-12-12T08:20:42.741606+00:00 app[web.1]: 2018/12/12 08:20:42 cannot send order fragment to 8MHkXZzWRze1mSefnTJJCvdgyD63pV: backoff timeout = context deadline exceeded: rpc error: code = Unknown desc = crypto/rsa: decryption error
2018-12-12T08:20:42.743046+00:00 app[web.1]: 2018/12/12 08:20:42 cannot send order fragment to 8MKUVgLMRKwZYUBea5dKA9wJdKqgBe: backoff timeout = context deadline exceeded: rpc error: code = Unknown desc = crypto/rsa: decryption error
2018-12-12T08:20:42.745932+00:00 app[web.1]: 2018/12/12 08:20:42 cannot send order fragment to 8MJXyfjYuVZDPAfDm63G1NH1khgb2A: backoff timeout = context deadline exceeded: rpc error: code = Unknown desc = crypto/rsa: decryption error
2018-12-12T08:27:45.888057+00:00 app[web.1]: 2018/12/12 08:27:45 [error] (generic) error syncing: abi: unmarshalling empty output
2018-12-12T08:37:05.873672+00:00 app[web.1]: 2018/12/12 08:37:05 [info] (open) signing order = v3Kv
2018-12-12T08:37:05.873684+00:00 app[web.1]: Trader: 78892566d4e296b25cf8795b78edb2943ea0d027
2018-12-12T08:37:05.873686+00:00 app[web.1]: Order ID: bf72af319f2c96ed1d9b71a5cc9d941544ab2419f027385ebfb37a88cb3633ee
2018-12-12T08:37:05.873692+00:00 app[web.1]: Signature data: 19457468657265756d205369676e6564204d6573736167653a0a373752657075626c69632050726f746f636f6c3a206f70656e3a2078892566d4e296b25cf8795b78edb2943ea0d027bf72af319f2c96ed1d9b71a5cc9d941544ab2419f027385ebfb37a88cb3633ee
2018-12-12T08:37:05.873696+00:00 app[web.1]: Hashed signature data: 78bdc0543ce736c31acd900ee0da1e4e8109c2fdd604fb85024be451343eee61
2018-12-12T08:37:05.873911+00:00 app[web.1]: Signature: fc4fcc4ab716220b546a4d388987d9e3c7d9d1bf32ca77a0c67f51ade1fd7324357140f56ceaf444fa973cf8229445f6a89eb631aaafd647158cf9ce5b508d8901
2018-12-12T08:37:05.874093+00:00 app[web.1]: 2018/12/12 08:37:05 [info] (open) queueing order fragments order = v3Kv at depth = 0
2018-12-12T08:37:05.874161+00:00 app[web.1]: 2018/12/12 08:37:05 [info] (network) sending buy order = v3Kv to pod = K4he+xXzWJ8=
2018-12-12T08:37:05.874594+00:00 app[web.1]: 2018/12/12 08:37:05 [info] (network) sending buy order = v3Kv to pod = jbCiTkakmhQ=
2018-12-12T08:37:05.874931+00:00 app[web.1]: 2018/12/12 08:37:05 [info] (network) sending buy order = v3Kv to pod = +io5ox2WK8U=
2018-12-12T08:37:05.875286+00:00 app[web.1]: 2018/12/12 08:37:05 [info] (network) sending buy order = v3Kv to pod = BY5RbXC6gGE=
2018-12-12T08:39:18.051562+00:00 app[web.1]: 2018/12/12 08:39:18 [error] (generic) error syncing: abi: unmarshalling empty output
2018-12-12T08:48:06.083734+00:00 app[web.1]: 2018/12/12 08:48:06 [error] (generic) error syncing: abi: unmarshalling empty output
2018-12-12T09:09:37.877280+00:00 app[web.1]: 2018/12/12 09:09:37 [error] (generic) error syncing: abi: unmarshalling empty output
2018-12-12T09:09:53.836142+00:00 app[web.1]: 2018/12/12 09:09:53 [error] (generic) error syncing: abi: unmarshalling empty output
2018-12-12T09:23:17.951504+00:00 app[web.1]: 2018/12/12 09:23:17 [error] (generic) error syncing: abi: unmarshalling empty output
2018-12-12T09:29:38.028830+00:00 app[web.1]: 2018/12/12 09:29:38 [error] (generic) error syncing: abi: unmarshalling empty output
2018-12-12T09:29:54.341351+00:00 app[web.1]: 2018/12/12 09:29:54 [error] (generic) error syncing: abi: unmarshalling empty output
2018-12-12T10:05:33.772855+00:00 app[web.1]: 2018/12/12 10:05:33 [error] (generic) error syncing: abi: unmarshalling empty output
2018-12-12T10:21:46.337645+00:00 app[web.1]: 2018/12/12 10:21:46 [error] (generic) error syncing: abi: unmarshalling empty output
2018-12-12T10:22:53.823766+00:00 app[web.1]: 2018/12/12 10:22:53 [error] (generic) error syncing: abi: unmarshalling empty output
2018-12-12T10:30:37.824976+00:00 app[web.1]: 2018/12/12 10:30:37 [error] (generic) error syncing: abi: unmarshalling empty output
2018-12-12T10:41:10.150807+00:00 app[web.1]: 2018/12/12 10:41:10 [error] (generic) error syncing: abi: unmarshalling empty output
2018-12-12T11:17:01.886890+00:00 app[web.1]: 2018/12/12 11:17:01 [error] (generic) error syncing: abi: unmarshalling empty output
2018-12-12T11:17:10.168633+00:00 app[web.1]: 2018/12/12 11:17:10 [error] (generic) error syncing: abi: unmarshalling empty output
2018-12-12T12:08:35.221968+00:00 app[web.1]: 2018/12/12 12:08:35 [info] (open) signing order = uYQO
2018-12-12T12:08:35.221982+00:00 app[web.1]: Trader: 3ed008692f29be640dae5428286776ceece3522a
2018-12-12T12:08:35.221985+00:00 app[web.1]: Order ID: b9840e14ec26d327ac0f358ebebed2d5f19608e066f61428bd378920112ee8f1
2018-12-12T12:08:35.221992+00:00 app[web.1]: Signature data: 19457468657265756d205369676e6564204d6573736167653a0a373752657075626c69632050726f746f636f6c3a206f70656e3a203ed008692f29be640dae5428286776ceece3522ab9840e14ec26d327ac0f358ebebed2d5f19608e066f61428bd378920112ee8f1
2018-12-12T12:08:35.221994+00:00 app[web.1]: Hashed signature data: cd3699dac8a1edabf54ab196ab798420950f1d7c6e16f79e7eaa4b4b183feead
2018-12-12T12:08:35.222175+00:00 app[web.1]: Signature: 25c8133f4d29b21bb81c3db258e307bf2482b001e726f090c8233266a33141c55873878ab9b67d33f584b2a5f72c1d65af035bf08a5166a0b517cbeec12e5fd701
2018-12-12T12:08:35.222349+00:00 app[web.1]: 2018/12/12 12:08:35 [info] (open) queueing order fragments order = uYQO at depth = 0
2018-12-12T12:08:35.226180+00:00 app[web.1]: 2018/12/12 12:08:35 [info] (network) sending sell order = uYQO to pod = K4he+xXzWJ8=
2018-12-12T12:08:35.226182+00:00 app[web.1]: 2018/12/12 12:08:35 [info] (network) sending sell order = uYQO to pod = +io5ox2WK8U=
2018-12-12T12:08:35.226183+00:00 app[web.1]: 2018/12/12 12:08:35 [info] (network) sending sell order = uYQO to pod = BY5RbXC6gGE=
2018-12-12T12:08:35.226184+00:00 app[web.1]: 2018/12/12 12:08:35 [info] (network) sending sell order = uYQO to pod = jbCiTkakmhQ=
2018-12-12T12:11:33.182409+00:00 app[web.1]: 2018/12/12 12:11:33 [info] (open) signing order = jO7S
2018-12-12T12:11:33.182423+00:00 app[web.1]: Trader: 3ed008692f29be640dae5428286776ceece3522a
2018-12-12T12:11:33.182425+00:00 app[web.1]: Order ID: 8ceed2c48421493ac621fbb01ef6a3c3d738f894f380dcb7f5520ed256f8a86a
2018-12-12T12:11:33.182434+00:00 app[web.1]: Signature data: 19457468657265756d205369676e6564204d6573736167653a0a373752657075626c69632050726f746f636f6c3a206f70656e3a203ed008692f29be640dae5428286776ceece3522a8ceed2c48421493ac621fbb01ef6a3c3d738f894f380dcb7f5520ed256f8a86a
2018-12-12T12:11:33.182436+00:00 app[web.1]: Hashed signature data: f5f61186866f0dc2755a8551df2da64b541443d308460801b1edbe9b9f510f1f
2018-12-12T12:11:33.182619+00:00 app[web.1]: Signature: 739d2ca332c7d5ca0d1263587b091c4a6f4da186a77479c4fbdc238c40e0c5c82ec8fd55fd1a7ca42b84bd842b93571f3ebafa7678554fc2d3faeddd7ffa4ebc01
2018-12-12T12:11:33.182836+00:00 app[web.1]: 2018/12/12 12:11:33 [info] (open) queueing order fragments order = jO7S at depth = 0
2018-12-12T12:11:33.183173+00:00 app[web.1]: 2018/12/12 12:11:33 [info] (network) sending sell order = jO7S to pod = K4he+xXzWJ8=
2018-12-12T12:11:33.183175+00:00 app[web.1]: 2018/12/12 12:11:33 [info] (network) sending sell order = jO7S to pod = +io5ox2WK8U=
2018-12-12T12:11:33.187412+00:00 app[web.1]: 2018/12/12 12:11:33 [info] (network) sending sell order = jO7S to pod = BY5RbXC6gGE=
2018-12-12T12:11:33.187414+00:00 app[web.1]: 2018/12/12 12:11:33 [info] (network) sending sell order = jO7S to pod = jbCiTkakmhQ=
2018-12-12T12:14:10.527053+00:00 app[web.1]: 2018/12/12 12:14:10 [info] (open) signing order = 6UUO
2018-12-12T12:14:10.527083+00:00 app[web.1]: Trader: 3ed008692f29be640dae5428286776ceece3522a
2018-12-12T12:14:10.527085+00:00 app[web.1]: Order ID: e9450e65847d90d553730806bd65ebabd4b29ad9db5f3b1ab1a669f38b70a8e9
2018-12-12T12:14:10.527092+00:00 app[web.1]: Signature data: 19457468657265756d205369676e6564204d6573736167653a0a373752657075626c69632050726f746f636f6c3a206f70656e3a203ed008692f29be640dae5428286776ceece3522ae9450e65847d90d553730806bd65ebabd4b29ad9db5f3b1ab1a669f38b70a8e9
2018-12-12T12:14:10.527094+00:00 app[web.1]: Hashed signature data: 783c048bad5c30fb9388c0d21e74723f1e337e559430c648d51319b7b0830e99
2018-12-12T12:14:10.527281+00:00 app[web.1]: Signature: 2fa711a595c62e0f8e53664179eef3676655041351ba2c44bbc8253bae0ae4702e0fb60bd535b289a332a66a214d9c8a4843b20051ac6dad391bb6186b542f9d01
2018-12-12T12:14:10.527464+00:00 app[web.1]: 2018/12/12 12:14:10 [info] (open) queueing order fragments order = 6UUO at depth = 0
2018-12-12T12:14:10.527525+00:00 app[web.1]: 2018/12/12 12:14:10 [info] (network) sending buy order = 6UUO to pod = K4he+xXzWJ8=
2018-12-12T12:14:10.527949+00:00 app[web.1]: 2018/12/12 12:14:10 [info] (network) sending buy order = 6UUO to pod = jbCiTkakmhQ=
2018-12-12T12:14:10.528309+00:00 app[web.1]: 2018/12/12 12:14:10 [info] (network) sending buy order = 6UUO to pod = +io5ox2WK8U=
2018-12-12T12:14:10.528724+00:00 app[web.1]: 2018/12/12 12:14:10 [info] (network) sending buy order = 6UUO to pod = BY5RbXC6gGE=
2018-12-12T12:55:58.137920+00:00 app[web.1]: 2018/12/12 12:55:58 [error] (generic) error syncing: abi: unmarshalling empty output
2018-12-12T13:38:57.872927+00:00 app[web.1]: 2018/12/12 13:38:57 [error] (generic) error syncing: abi: unmarshalling empty output
2018-12-12T13:51:38.174542+00:00 app[web.1]: 2018/12/12 13:51:38 [error] (generic) error syncing: abi: unmarshalling empty output
2018-12-12T14:13:23.197537+00:00 app[web.1]: 2018/12/12 14:13:23 [error] (generic) error syncing: abi: unmarshalling empty output
2018-12-12T14:18:34.765109+00:00 app[web.1]: 2018/12/12 14:18:34 received status code 500 from ethGasStation
2018-12-12T14:43:01.730845+00:00 app[web.1]: 2018/12/12 14:43:01 [error] (generic) error syncing: abi: unmarshalling empty output
2018-12-12T14:50:14.232464+00:00 app[web.1]: 2018/12/12 14:50:14 [error] (generic) error syncing: abi: unmarshalling empty output
2018-12-12T15:11:51.424453+00:00 app[web.1]: 2018/12/12 15:11:51 [error] (generic) error syncing: abi: unmarshalling empty output
2018-12-12T15:16:10.211481+00:00 app[web.1]: 2018/12/12 15:16:10 [error] (generic) error syncing: abi: unmarshalling empty output
2018-12-12T15:34:42.084863+00:00 app[web.1]: 2018/12/12 15:34:42 [error] (generic) error syncing: abi: unmarshalling empty output
2018-12-12T15:35:37.743432+00:00 app[web.1]: 2018/12/12 15:35:37 [error] (generic) error syncing: abi: unmarshalling empty output
2018-12-12T16:10:02.039977+00:00 app[web.1]: 2018/12/12 16:10:02 [error] (generic) error syncing: abi: unmarshalling empty output
2018-12-12T16:50:13.916538+00:00 app[web.1]: 2018/12/12 16:50:13 [error] (generic) error syncing: abi: unmarshalling empty output
2018-12-12T16:52:37.886485+00:00 app[web.1]: 2018/12/12 16:52:37 [error] (generic) error syncing: abi: unmarshalling empty output
2018-12-12T17:03:58.022438+00:00 app[web.1]: 2018/12/12 17:03:58 [error] (generic) error syncing: abi: unmarshalling empty output
2018-12-12T17:18:02.209215+00:00 app[web.1]: 2018/12/12 17:18:02 [error] (generic) error syncing: abi: unmarshalling empty output
2018-12-12T17:26:00.863934+00:00 app[web.1]: 2018/12/12 17:26:00 [error] (generic) error syncing: 500 Internal Server Error {"jsonrpc":"2.0","id":118570,"error":{"code":-32603,"message":"request failed or timed out"}}
2018-12-12T18:20:01.866645+00:00 app[web.1]: 2018/12/12 18:20:01 [error] (generic) error syncing: abi: unmarshalling empty output
2018-12-12T18:49:21.807505+00:00 app[web.1]: 2018/12/12 18:49:21 received status code 500 from ethGasStation
2018-12-12T18:58:22.655196+00:00 app[web.1]: 2018/12/12 18:58:22 received status code 525 from ethGasStation
2018-12-12T19:51:13.870241+00:00 app[web.1]: 2018/12/12 19:51:13 [error] (generic) error syncing: abi: unmarshalling empty output
2018-12-12T19:54:06.056296+00:00 app[web.1]: 2018/12/12 19:54:06 address /ip4/54.221.172.49/tcp/34616/republic/8MHmeE7VVd8iarfc7dufYZjqYnTgL6
2018-12-12T19:54:06.056314+00:00 app[web.1]: 2018/12/12 19:54:06 ethereum 0x7b7d9BE768Daa9d72E090711c78B467dE57e9A0F
2018-12-12T19:54:06.056315+00:00 app[web.1]: 2018/12/12 19:54:06 listening at 0.0.0.0:34616...
2018-12-12T19:54:06.057188+00:00 app[web.1]: 2018/12/12 19:54:06 [info] connected to 8 peers
2018-12-12T19:57:25.038081+00:00 app[web.1]: 2018/12/12 19:57:25 [error] (generic) error syncing: abi: unmarshalling empty output
2018-12-12T20:10:17.244579+00:00 app[web.1]: 2018/12/12 20:10:17 [error] (generic) error syncing: abi: unmarshalling empty output
2018-12-12T20:40:44.985090+00:00 app[web.1]: 2018/12/12 20:40:44 [error] (generic) error syncing: abi: unmarshalling empty output
2018-12-12T21:00:24.266984+00:00 app[web.1]: 2018/12/12 21:00:24 received status code 525 from ethGasStation
2018-12-12T22:30:32.813403+00:00 app[web.1]: 2018/12/12 22:30:32 received status code 525 from ethGasStation
